<html>
<head>
<title>TestNG:  LoginPageTest</title>
<link href="../testng.css" rel="stylesheet" type="text/css" />
<link href="../my-testng.css" rel="stylesheet" type="text/css" />

<style type="text/css">
.log { display: none;} 
.stack-trace { display: none;} 
</style>
<script type="text/javascript">
<!--
function flip(e) {
  current = e.style.display;
  if (current == 'block') {
    e.style.display = 'none';
    return 0;
  }
  else {
    e.style.display = 'block';
    return 1;
  }
}

function toggleBox(szDivId, elem, msg1, msg2)
{
  var res = -1;  if (document.getElementById) {
    res = flip(document.getElementById(szDivId));
  }
  else if (document.all) {
    // this is the way old msie versions work
    res = flip(document.all[szDivId]);
  }
  if(elem) {
    if(res == 0) elem.innerHTML = msg1; else elem.innerHTML = msg2;
  }

}

function toggleAllBoxes() {
  if (document.getElementsByTagName) {
    d = document.getElementsByTagName('div');
    for (i = 0; i < d.length; i++) {
      if (d[i].className == 'log') {
        flip(d[i]);
      }
    }
  }
}

// -->
</script>

</head>
<body>
<h2 align='center'>LoginPageTest</h2><table border='1' align="center">
<tr>
<td>Tests passed/Failed/Skipped:</td><td>14/2/0</td>
</tr><tr>
<td>Started on:</td><td>Fri Apr 11 12:12:06 IST 2025</td>
</tr>
<tr><td>Total time:</td><td>465 seconds (465658 ms)</td>
</tr><tr>
<td>Included groups:</td><td></td>
</tr><tr>
<td>Excluded groups:</td><td></td>
</tr>
</table><p/>
<small><i>(Hover the method name to see the test class name)</i></small><p/>
<table width='100%' border='1' class='invocation-failed'>
<tr><td colspan='4' align='center'><b>FAILED TESTS</b></td></tr>
<tr><td><b>Test method</b></td>
<td width="30%"><b>Exception</b></td>
<td width="10%"><b>Time (seconds)</b></td>
<td><b>Instance</b></td>
</tr>
<tr>
<td title='com.ipacs.qa.testcases.MasterListVendorsTest.verifySortingInVendorCategory()'><b>verifySortingInVendorCategory</b><br>Test class: com.ipacs.qa.testcases.MasterListVendorsTest</td>
<td><div><pre>org.openqa.selenium.ElementNotInteractableException: element not interactable
  (Session info: chrome=135.0.7049.84)
Build info: version: &apos;4.27.0&apos;, revision: &apos;d6e718d134&apos;
System info: os.name: &apos;Windows 11&apos;, os.arch: &apos;amd64&apos;, os.version: &apos;10.0&apos;, java.version: &apos;23.0.1&apos;
Driver info: org.openqa.selenium.chrome.ChromeDriver
Command: [aeaae27503be5f2ec6424444418f2bba, clickElement {id=f.251967DAA57134EF57A7290ED19DFC7F.d.E9830C9552D0F4256CA804A656CEC508.e.61}]
Capabilities {acceptInsecureCerts: false, browserName: chrome, browserVersion: 135.0.7049.84, chrome: {chromedriverVersion: 135.0.7049.84 (6c019e560019..., userDataDir: C:\Users\ABHISH~1.KUM\AppDa...}, fedcm:accounts: true, goog:chromeOptions: {debuggerAddress: localhost:52870}, networkConnectionEnabled: false, pageLoadStrategy: normal, platformName: windows, proxy: Proxy(), se:cdp: ws://localhost:52870/devtoo..., se:cdpVersion: 135.0.7049.84, setWindowRect: true, strictFileInteractability: false, timeouts: {implicit: 0, pageLoad: 300000, script: 30000}, unhandledPromptBehavior: dismiss and notify, webauthn:extension:credBlob: true, webauthn:extension:largeBlob: true, webauthn:extension:minPinLength: true, webauthn:extension:prf: true, webauthn:virtualAuthenticators: true}
Element: [[ChromeDriver: chrome on windows (aeaae27503be5f2ec6424444418f2bba)] -&gt; xpath: //a[@href=&apos;/CCMS/ViewVendors&apos;]]
Session ID: aeaae27503be5f2ec6424444418f2bba
	at org.openqa.selenium.remote.ErrorCodec.decode(ErrorCodec.java:167)
	at org.openqa.selenium.remote.codec.w3c.W3CHttpResponseCodec.decode(W3CHttpResponseCodec.java:138)
	at org.openqa.selenium.remote.codec.w3c.W3CHttpResponseCodec.decode(W3CHttpResponseCodec.java:50)
	at org.openqa.selenium.remote.HttpCommandExecutor.execute(HttpCommandExecutor.java:190)
	at org.openqa.selenium.remote.service.DriverCommandExecutor.invokeExecute(DriverCommandExecutor.java:216)
	at org.openqa.selenium.remote.service.DriverCommandExecutor.execute(DriverCommandExecutor.java:174)
	at org.openqa.selenium.remote.RemoteWebDriver.execute(RemoteWebDriver.java:545)
	at org.openqa.selenium.remote.RemoteWebElement.execute(RemoteWebElement.java:223)
	at org.openqa.selenium.remote.RemoteWebElement.click(RemoteWebElement.java:76)
	at com.ipacstesting.qa.pages.MasterListVendors.clickViewMasterList(MasterListVendors.java:105)
	at com.ipacs.qa.testcases.MasterListVendorsTest.verifySortingInVendorCategory(MasterListVendorsTest.java:307)
	at java.base/java.util.ArrayList.forEach(ArrayList.java:1597)
... Removed 28 stack frames</pre></div><a href='#' onClick='toggleBox("stack-trace919063521", this, "Click to show all stack frames", "Click to hide stack frames")'>Click to show all stack frames</a>
<div class='stack-trace' id='stack-trace919063521'><pre>org.openqa.selenium.ElementNotInteractableException: element not interactable
  (Session info: chrome=135.0.7049.84)
Build info: version: &apos;4.27.0&apos;, revision: &apos;d6e718d134&apos;
System info: os.name: &apos;Windows 11&apos;, os.arch: &apos;amd64&apos;, os.version: &apos;10.0&apos;, java.version: &apos;23.0.1&apos;
Driver info: org.openqa.selenium.chrome.ChromeDriver
Command: [aeaae27503be5f2ec6424444418f2bba, clickElement {id=f.251967DAA57134EF57A7290ED19DFC7F.d.E9830C9552D0F4256CA804A656CEC508.e.61}]
Capabilities {acceptInsecureCerts: false, browserName: chrome, browserVersion: 135.0.7049.84, chrome: {chromedriverVersion: 135.0.7049.84 (6c019e560019..., userDataDir: C:\Users\ABHISH~1.KUM\AppDa...}, fedcm:accounts: true, goog:chromeOptions: {debuggerAddress: localhost:52870}, networkConnectionEnabled: false, pageLoadStrategy: normal, platformName: windows, proxy: Proxy(), se:cdp: ws://localhost:52870/devtoo..., se:cdpVersion: 135.0.7049.84, setWindowRect: true, strictFileInteractability: false, timeouts: {implicit: 0, pageLoad: 300000, script: 30000}, unhandledPromptBehavior: dismiss and notify, webauthn:extension:credBlob: true, webauthn:extension:largeBlob: true, webauthn:extension:minPinLength: true, webauthn:extension:prf: true, webauthn:virtualAuthenticators: true}
Element: [[ChromeDriver: chrome on windows (aeaae27503be5f2ec6424444418f2bba)] -&gt; xpath: //a[@href=&apos;/CCMS/ViewVendors&apos;]]
Session ID: aeaae27503be5f2ec6424444418f2bba
	at java.base/jdk.internal.reflect.DirectConstructorHandleAccessor.newInstance(DirectConstructorHandleAccessor.java:62)
	at java.base/java.lang.reflect.Constructor.newInstanceWithCaller(Constructor.java:501)
	at java.base/java.lang.reflect.Constructor.newInstance(Constructor.java:485)
	at org.openqa.selenium.remote.ErrorCodec.decode(ErrorCodec.java:167)
	at org.openqa.selenium.remote.codec.w3c.W3CHttpResponseCodec.decode(W3CHttpResponseCodec.java:138)
	at org.openqa.selenium.remote.codec.w3c.W3CHttpResponseCodec.decode(W3CHttpResponseCodec.java:50)
	at org.openqa.selenium.remote.HttpCommandExecutor.execute(HttpCommandExecutor.java:190)
	at org.openqa.selenium.remote.service.DriverCommandExecutor.invokeExecute(DriverCommandExecutor.java:216)
	at org.openqa.selenium.remote.service.DriverCommandExecutor.execute(DriverCommandExecutor.java:174)
	at org.openqa.selenium.remote.RemoteWebDriver.execute(RemoteWebDriver.java:545)
	at org.openqa.selenium.remote.RemoteWebElement.execute(RemoteWebElement.java:223)
	at org.openqa.selenium.remote.RemoteWebElement.click(RemoteWebElement.java:76)
	at com.ipacstesting.qa.pages.MasterListVendors.clickViewMasterList(MasterListVendors.java:105)
	at com.ipacs.qa.testcases.MasterListVendorsTest.verifySortingInVendorCategory(MasterListVendorsTest.java:307)
	at java.base/jdk.internal.reflect.DirectMethodHandleAccessor.invoke(DirectMethodHandleAccessor.java:103)
	at java.base/java.lang.reflect.Method.invoke(Method.java:580)
	at org.testng.internal.MethodInvocationHelper.invokeMethod(MethodInvocationHelper.java:133)
	at org.testng.internal.TestInvoker.invokeMethod(TestInvoker.java:598)
	at org.testng.internal.TestInvoker.invokeTestMethod(TestInvoker.java:173)
	at org.testng.internal.MethodRunner.runInSequence(MethodRunner.java:46)
	at org.testng.internal.TestInvoker$MethodInvocationAgent.invoke(TestInvoker.java:824)
	at org.testng.internal.TestInvoker.invokeTestMethods(TestInvoker.java:146)
	at org.testng.internal.TestMethodWorker.invokeTestMethods(TestMethodWorker.java:146)
	at org.testng.internal.TestMethodWorker.run(TestMethodWorker.java:128)
	at java.base/java.util.ArrayList.forEach(ArrayList.java:1597)
	at org.testng.TestRunner.privateRun(TestRunner.java:794)
	at org.testng.TestRunner.run(TestRunner.java:596)
	at org.testng.SuiteRunner.runTest(SuiteRunner.java:377)
	at org.testng.SuiteRunner.runSequentially(SuiteRunner.java:371)
	at org.testng.SuiteRunner.privateRun(SuiteRunner.java:332)
	at org.testng.SuiteRunner.run(SuiteRunner.java:276)
	at org.testng.SuiteRunnerWorker.runSuite(SuiteRunnerWorker.java:53)
	at org.testng.SuiteRunnerWorker.run(SuiteRunnerWorker.java:96)
	at org.testng.TestNG.runSuitesSequentially(TestNG.java:1212)
	at org.testng.TestNG.runSuitesLocally(TestNG.java:1134)
	at org.testng.TestNG.runSuites(TestNG.java:1063)
	at org.testng.TestNG.run(TestNG.java:1031)
	at org.testng.remote.AbstractRemoteTestNG.run(AbstractRemoteTestNG.java:115)
	at org.testng.remote.RemoteTestNG.initAndRun(RemoteTestNG.java:293)
	at org.testng.remote.RemoteTestNG.main(RemoteTestNG.java:91)
</pre></div></td>
<td>9</td>
<td>com.ipacs.qa.testcases.MasterListVendorsTest@397fbdb</td></tr>
<tr>
<td title='com.ipacs.qa.testcases.MasterListVendorsTest.verifyAddVendorInMasterListVendors()'><b>verifyAddVendorInMasterListVendors</b><br>Test class: com.ipacs.qa.testcases.MasterListVendorsTest</td>
<td><div><pre>org.openqa.selenium.NoSuchElementException: no such element: Unable to locate element: {&quot;method&quot;:&quot;xpath&quot;,&quot;selector&quot;:&quot;//span[normalize-space()=&apos;Vendor added successfully.&apos;]&quot;}
  (Session info: chrome=135.0.7049.84)
For documentation on this error, please visit: https://www.selenium.dev/documentation/webdriver/troubleshooting/errors#no-such-element-exception
Build info: version: &apos;4.27.0&apos;, revision: &apos;d6e718d134&apos;
System info: os.name: &apos;Windows 11&apos;, os.arch: &apos;amd64&apos;, os.version: &apos;10.0&apos;, java.version: &apos;23.0.1&apos;
Driver info: org.openqa.selenium.chrome.ChromeDriver
Command: [14b9c185da0ada5055f39e188e1d3d78, findElement {using=xpath, value=//span[normalize-space()=&apos;Vendor added successfully.&apos;]}]
Capabilities {acceptInsecureCerts: false, browserName: chrome, browserVersion: 135.0.7049.84, chrome: {chromedriverVersion: 135.0.7049.84 (6c019e560019..., userDataDir: C:\Users\ABHISH~1.KUM\AppDa...}, fedcm:accounts: true, goog:chromeOptions: {debuggerAddress: localhost:52742}, networkConnectionEnabled: false, pageLoadStrategy: normal, platformName: windows, proxy: Proxy(), se:cdp: ws://localhost:52742/devtoo..., se:cdpVersion: 135.0.7049.84, setWindowRect: true, strictFileInteractability: false, timeouts: {implicit: 0, pageLoad: 300000, script: 30000}, unhandledPromptBehavior: dismiss and notify, webauthn:extension:credBlob: true, webauthn:extension:largeBlob: true, webauthn:extension:minPinLength: true, webauthn:extension:prf: true, webauthn:virtualAuthenticators: true}
Session ID: 14b9c185da0ada5055f39e188e1d3d78
	at org.openqa.selenium.remote.ErrorCodec.decode(ErrorCodec.java:167)
	at org.openqa.selenium.remote.codec.w3c.W3CHttpResponseCodec.decode(W3CHttpResponseCodec.java:138)
	at org.openqa.selenium.remote.codec.w3c.W3CHttpResponseCodec.decode(W3CHttpResponseCodec.java:50)
	at org.openqa.selenium.remote.HttpCommandExecutor.execute(HttpCommandExecutor.java:190)
	at org.openqa.selenium.remote.service.DriverCommandExecutor.invokeExecute(DriverCommandExecutor.java:216)
	at org.openqa.selenium.remote.service.DriverCommandExecutor.execute(DriverCommandExecutor.java:174)
	at org.openqa.selenium.remote.RemoteWebDriver.execute(RemoteWebDriver.java:545)
	at org.openqa.selenium.remote.ElementLocation$ElementFinder$2.findElement(ElementLocation.java:165)
	at org.openqa.selenium.remote.ElementLocation.findElement(ElementLocation.java:59)
	at org.openqa.selenium.remote.RemoteWebDriver.findElement(RemoteWebDriver.java:368)
	at org.openqa.selenium.remote.RemoteWebDriver.findElement(RemoteWebDriver.java:362)
	at com.ipacstesting.qa.pages.MasterListVendors.verifyTxtVendorAddSuccessfullyMsgInAddVendorPage(MasterListVendors.java:277)
	at com.ipacs.qa.testcases.MasterListVendorsTest.verifyAddVendorInMasterListVendors(MasterListVendorsTest.java:248)
	at java.base/java.util.ArrayList.forEach(ArrayList.java:1597)
... Removed 28 stack frames</pre></div><a href='#' onClick='toggleBox("stack-trace1188871851", this, "Click to show all stack frames", "Click to hide stack frames")'>Click to show all stack frames</a>
<div class='stack-trace' id='stack-trace1188871851'><pre>org.openqa.selenium.NoSuchElementException: no such element: Unable to locate element: {&quot;method&quot;:&quot;xpath&quot;,&quot;selector&quot;:&quot;//span[normalize-space()=&apos;Vendor added successfully.&apos;]&quot;}
  (Session info: chrome=135.0.7049.84)
For documentation on this error, please visit: https://www.selenium.dev/documentation/webdriver/troubleshooting/errors#no-such-element-exception
Build info: version: &apos;4.27.0&apos;, revision: &apos;d6e718d134&apos;
System info: os.name: &apos;Windows 11&apos;, os.arch: &apos;amd64&apos;, os.version: &apos;10.0&apos;, java.version: &apos;23.0.1&apos;
Driver info: org.openqa.selenium.chrome.ChromeDriver
Command: [14b9c185da0ada5055f39e188e1d3d78, findElement {using=xpath, value=//span[normalize-space()=&apos;Vendor added successfully.&apos;]}]
Capabilities {acceptInsecureCerts: false, browserName: chrome, browserVersion: 135.0.7049.84, chrome: {chromedriverVersion: 135.0.7049.84 (6c019e560019..., userDataDir: C:\Users\ABHISH~1.KUM\AppDa...}, fedcm:accounts: true, goog:chromeOptions: {debuggerAddress: localhost:52742}, networkConnectionEnabled: false, pageLoadStrategy: normal, platformName: windows, proxy: Proxy(), se:cdp: ws://localhost:52742/devtoo..., se:cdpVersion: 135.0.7049.84, setWindowRect: true, strictFileInteractability: false, timeouts: {implicit: 0, pageLoad: 300000, script: 30000}, unhandledPromptBehavior: dismiss and notify, webauthn:extension:credBlob: true, webauthn:extension:largeBlob: true, webauthn:extension:minPinLength: true, webauthn:extension:prf: true, webauthn:virtualAuthenticators: true}
Session ID: 14b9c185da0ada5055f39e188e1d3d78
	at java.base/jdk.internal.reflect.DirectConstructorHandleAccessor.newInstance(DirectConstructorHandleAccessor.java:62)
	at java.base/java.lang.reflect.Constructor.newInstanceWithCaller(Constructor.java:501)
	at java.base/java.lang.reflect.Constructor.newInstance(Constructor.java:485)
	at org.openqa.selenium.remote.ErrorCodec.decode(ErrorCodec.java:167)
	at org.openqa.selenium.remote.codec.w3c.W3CHttpResponseCodec.decode(W3CHttpResponseCodec.java:138)
	at org.openqa.selenium.remote.codec.w3c.W3CHttpResponseCodec.decode(W3CHttpResponseCodec.java:50)
	at org.openqa.selenium.remote.HttpCommandExecutor.execute(HttpCommandExecutor.java:190)
	at org.openqa.selenium.remote.service.DriverCommandExecutor.invokeExecute(DriverCommandExecutor.java:216)
	at org.openqa.selenium.remote.service.DriverCommandExecutor.execute(DriverCommandExecutor.java:174)
	at org.openqa.selenium.remote.RemoteWebDriver.execute(RemoteWebDriver.java:545)
	at org.openqa.selenium.remote.ElementLocation$ElementFinder$2.findElement(ElementLocation.java:165)
	at org.openqa.selenium.remote.ElementLocation.findElement(ElementLocation.java:59)
	at org.openqa.selenium.remote.RemoteWebDriver.findElement(RemoteWebDriver.java:368)
	at org.openqa.selenium.remote.RemoteWebDriver.findElement(RemoteWebDriver.java:362)
	at com.ipacstesting.qa.pages.MasterListVendors.verifyTxtVendorAddSuccessfullyMsgInAddVendorPage(MasterListVendors.java:277)
	at com.ipacs.qa.testcases.MasterListVendorsTest.verifyAddVendorInMasterListVendors(MasterListVendorsTest.java:248)
	at java.base/jdk.internal.reflect.DirectMethodHandleAccessor.invoke(DirectMethodHandleAccessor.java:103)
	at java.base/java.lang.reflect.Method.invoke(Method.java:580)
	at org.testng.internal.MethodInvocationHelper.invokeMethod(MethodInvocationHelper.java:133)
	at org.testng.internal.TestInvoker.invokeMethod(TestInvoker.java:598)
	at org.testng.internal.TestInvoker.invokeTestMethod(TestInvoker.java:173)
	at org.testng.internal.MethodRunner.runInSequence(MethodRunner.java:46)
	at org.testng.internal.TestInvoker$MethodInvocationAgent.invoke(TestInvoker.java:824)
	at org.testng.internal.TestInvoker.invokeTestMethods(TestInvoker.java:146)
	at org.testng.internal.TestMethodWorker.invokeTestMethods(TestMethodWorker.java:146)
	at org.testng.internal.TestMethodWorker.run(TestMethodWorker.java:128)
	at java.base/java.util.ArrayList.forEach(ArrayList.java:1597)
	at org.testng.TestRunner.privateRun(TestRunner.java:794)
	at org.testng.TestRunner.run(TestRunner.java:596)
	at org.testng.SuiteRunner.runTest(SuiteRunner.java:377)
	at org.testng.SuiteRunner.runSequentially(SuiteRunner.java:371)
	at org.testng.SuiteRunner.privateRun(SuiteRunner.java:332)
	at org.testng.SuiteRunner.run(SuiteRunner.java:276)
	at org.testng.SuiteRunnerWorker.runSuite(SuiteRunnerWorker.java:53)
	at org.testng.SuiteRunnerWorker.run(SuiteRunnerWorker.java:96)
	at org.testng.TestNG.runSuitesSequentially(TestNG.java:1212)
	at org.testng.TestNG.runSuitesLocally(TestNG.java:1134)
	at org.testng.TestNG.runSuites(TestNG.java:1063)
	at org.testng.TestNG.run(TestNG.java:1031)
	at org.testng.remote.AbstractRemoteTestNG.run(AbstractRemoteTestNG.java:115)
	at org.testng.remote.RemoteTestNG.initAndRun(RemoteTestNG.java:293)
	at org.testng.remote.RemoteTestNG.main(RemoteTestNG.java:91)
</pre></div></td>
<td>30</td>
<td>com.ipacs.qa.testcases.MasterListVendorsTest@397fbdb</td></tr>
</table><p>
<table width='100%' border='1' class='invocation-passed'>
<tr><td colspan='4' align='center'><b>PASSED TESTS</b></td></tr>
<tr><td><b>Test method</b></td>
<td width="30%"><b>Exception</b></td>
<td width="10%"><b>Time (seconds)</b></td>
<td><b>Instance</b></td>
</tr>
<tr>
<td title='com.ipacs.qa.testcases.MasterListVendorsTest.verifyIpacsLoginPage()'><b>verifyIpacsLoginPage</b><br>Test class: com.ipacs.qa.testcases.MasterListVendorsTest</td>
<td></td>
<td>3</td>
<td>com.ipacs.qa.testcases.MasterListVendorsTest@397fbdb</td></tr>
<tr>
<td title='com.ipacs.qa.testcases.MasterListVendorsTest.editandverifyVendorNameHyperlinkInviewMasterList()'><b>editandverifyVendorNameHyperlinkInviewMasterList</b><br>Test class: com.ipacs.qa.testcases.MasterListVendorsTest</td>
<td></td>
<td>24</td>
<td>com.ipacs.qa.testcases.MasterListVendorsTest@397fbdb</td></tr>
<tr>
<td title='com.ipacs.qa.testcases.MasterListVendorsTest.verifyViewMasterList()'><b>verifyViewMasterList</b><br>Test class: com.ipacs.qa.testcases.MasterListVendorsTest</td>
<td></td>
<td>19</td>
<td>com.ipacs.qa.testcases.MasterListVendorsTest@397fbdb</td></tr>
<tr>
<td title='com.ipacs.qa.testcases.MasterListVendorsTest.verifyShowEntriesInViewMasterList()'><b>verifyShowEntriesInViewMasterList</b><br>Test class: com.ipacs.qa.testcases.MasterListVendorsTest</td>
<td></td>
<td>17</td>
<td>com.ipacs.qa.testcases.MasterListVendorsTest@397fbdb</td></tr>
<tr>
<td title='com.ipacs.qa.testcases.MasterListVendorsTest.verifySortingByStatus()'><b>verifySortingByStatus</b><br>Test class: com.ipacs.qa.testcases.MasterListVendorsTest</td>
<td></td>
<td>32</td>
<td>com.ipacs.qa.testcases.MasterListVendorsTest@397fbdb</td></tr>
<tr>
<td title='com.ipacs.qa.testcases.MasterListVendorsTest.clickandverifyVendorCategoryNameHyperlinkInviewMasterList()'><b>clickandverifyVendorCategoryNameHyperlinkInviewMasterList</b><br>Test class: com.ipacs.qa.testcases.MasterListVendorsTest</td>
<td></td>
<td>33</td>
<td>com.ipacs.qa.testcases.MasterListVendorsTest@397fbdb</td></tr>
<tr>
<td title='com.ipacs.qa.testcases.MasterListVendorsTest.searchInViewMasterList()'><b>searchInViewMasterList</b><br>Test class: com.ipacs.qa.testcases.MasterListVendorsTest</td>
<td></td>
<td>21</td>
<td>com.ipacs.qa.testcases.MasterListVendorsTest@397fbdb</td></tr>
<tr>
<td title='com.ipacs.qa.testcases.MasterListVendorsTest.verifyAddVendorCategoryInMasterListVendors()'><b>verifyAddVendorCategoryInMasterListVendors</b><br>Test class: com.ipacs.qa.testcases.MasterListVendorsTest</td>
<td></td>
<td>21</td>
<td>com.ipacs.qa.testcases.MasterListVendorsTest@397fbdb</td></tr>
<tr>
<td title='com.ipacs.qa.testcases.MasterListVendorsTest.verifySortingByVendorCategory()'><b>verifySortingByVendorCategory</b><br>Test class: com.ipacs.qa.testcases.MasterListVendorsTest</td>
<td></td>
<td>25</td>
<td>com.ipacs.qa.testcases.MasterListVendorsTest@397fbdb</td></tr>
<tr>
<td title='com.ipacs.qa.testcases.MasterListVendorsTest.searchInViewMasterListVendorCategory()'><b>searchInViewMasterListVendorCategory</b><br>Test class: com.ipacs.qa.testcases.MasterListVendorsTest</td>
<td></td>
<td>24</td>
<td>com.ipacs.qa.testcases.MasterListVendorsTest@397fbdb</td></tr>
<tr>
<td title='com.ipacs.qa.testcases.MasterListVendorsTest.verifySortingInViewMasterList()'><b>verifySortingInViewMasterList</b><br>Test class: com.ipacs.qa.testcases.MasterListVendorsTest</td>
<td></td>
<td>28</td>
<td>com.ipacs.qa.testcases.MasterListVendorsTest@397fbdb</td></tr>
<tr>
<td title='com.ipacs.qa.testcases.MasterListVendorsTest.verifyMasterListVendors()'><b>verifyMasterListVendors</b><br>Test class: com.ipacs.qa.testcases.MasterListVendorsTest</td>
<td></td>
<td>13</td>
<td>com.ipacs.qa.testcases.MasterListVendorsTest@397fbdb</td></tr>
<tr>
<td title='com.ipacs.qa.testcases.MasterListVendorsTest.verifyPaginationInViewMasterList()'><b>verifyPaginationInViewMasterList</b><br>Test class: com.ipacs.qa.testcases.MasterListVendorsTest</td>
<td></td>
<td>34</td>
<td>com.ipacs.qa.testcases.MasterListVendorsTest@397fbdb</td></tr>
<tr>
<td title='com.ipacs.qa.testcases.MasterListVendorsTest.verifyEditVendorNameInViewMasterList()'><b>verifyEditVendorNameInViewMasterList</b><br>Test class: com.ipacs.qa.testcases.MasterListVendorsTest</td>
<td></td>
<td>16</td>
<td>com.ipacs.qa.testcases.MasterListVendorsTest@397fbdb</td></tr>
</table><p>
</body>
</html>