<?xml version="1.0" encoding="UTF-8"?>
<!-- Generated by org.testng.reporters.JUnitXMLReporter -->
<testsuite ignored="0" hostname="L-103345-23Aug" failures="2" tests="16" name="LoginPageTest" time="465.658" errors="0" timestamp="2025-04-11T12:19:51 IST">
  <testcase classname="com.ipacs.qa.testcases.MasterListVendorsTest" name="verifyIpacsLoginPage" time="3.456"/>
  <testcase classname="com.ipacs.qa.testcases.MasterListVendorsTest" name="verifyMasterListVendors" time="13.17"/>
  <testcase classname="com.ipacs.qa.testcases.MasterListVendorsTest" name="verifyAddVendorCategoryInMasterListVendors" time="21.607"/>
  <testcase classname="com.ipacs.qa.testcases.MasterListVendorsTest" name="verifyViewMasterList" time="19.849"/>
  <testcase classname="com.ipacs.qa.testcases.MasterListVendorsTest" name="verifyShowEntriesInViewMasterList" time="17.087"/>
  <testcase classname="com.ipacs.qa.testcases.MasterListVendorsTest" name="verifySortingInViewMasterList" time="28.967"/>
  <testcase classname="com.ipacs.qa.testcases.MasterListVendorsTest" name="verifySortingByVendorCategory" time="25.97"/>
  <testcase classname="com.ipacs.qa.testcases.MasterListVendorsTest" name="verifySortingByStatus" time="32.554"/>
  <testcase classname="com.ipacs.qa.testcases.MasterListVendorsTest" name="searchInViewMasterList" time="21.95"/>
  <testcase classname="com.ipacs.qa.testcases.MasterListVendorsTest" name="verifyPaginationInViewMasterList" time="34.742"/>
  <testcase classname="com.ipacs.qa.testcases.MasterListVendorsTest" name="editandverifyVendorNameHyperlinkInviewMasterList" time="24.714"/>
  <testcase classname="com.ipacs.qa.testcases.MasterListVendorsTest" name="verifyEditVendorNameInViewMasterList" time="16.465"/>
  <testcase classname="com.ipacs.qa.testcases.MasterListVendorsTest" name="verifyAddVendorInMasterListVendors" time="30.18">
    <failure type="org.openqa.selenium.NoSuchElementException" message="no such element: Unable to locate element: {&amp;quot;method&amp;quot;:&amp;quot;xpath&amp;quot;,&amp;quot;selector&amp;quot;:&amp;quot;//span[normalize-space()=&amp;apos;Vendor added successfully.&amp;apos;]&amp;quot;}
  (Session info: chrome=135.0.7049.84)
For documentation on this error, please visit: https://www.selenium.dev/documentation/webdriver/troubleshooting/errors#no-such-element-exception
Build info: version: &amp;apos;4.27.0&amp;apos;, revision: &amp;apos;d6e718d134&amp;apos;
System info: os.name: &amp;apos;Windows 11&amp;apos;, os.arch: &amp;apos;amd64&amp;apos;, os.version: &amp;apos;10.0&amp;apos;, java.version: &amp;apos;23.0.1&amp;apos;
Driver info: org.openqa.selenium.chrome.ChromeDriver
Command: [14b9c185da0ada5055f39e188e1d3d78, findElement {using=xpath, value=//span[normalize-space()=&amp;apos;Vendor added successfully.&amp;apos;]}]
Capabilities {acceptInsecureCerts: false, browserName: chrome, browserVersion: 135.0.7049.84, chrome: {chromedriverVersion: 135.0.7049.84 (6c019e560019..., userDataDir: C:\Users\ABHISH~1.KUM\AppDa...}, fedcm:accounts: true, goog:chromeOptions: {debuggerAddress: localhost:52742}, networkConnectionEnabled: false, pageLoadStrategy: normal, platformName: windows, proxy: Proxy(), se:cdp: ws://localhost:52742/devtoo..., se:cdpVersion: 135.0.7049.84, setWindowRect: true, strictFileInteractability: false, timeouts: {implicit: 0, pageLoad: 300000, script: 30000}, unhandledPromptBehavior: dismiss and notify, webauthn:extension:credBlob: true, webauthn:extension:largeBlob: true, webauthn:extension:minPinLength: true, webauthn:extension:prf: true, webauthn:virtualAuthenticators: true}
Session ID: 14b9c185da0ada5055f39e188e1d3d78">
      <![CDATA[org.openqa.selenium.NoSuchElementException: no such element: Unable to locate element: {"method":"xpath","selector":"//span[normalize-space()='Vendor added successfully.']"}
  (Session info: chrome=135.0.7049.84)
For documentation on this error, please visit: https://www.selenium.dev/documentation/webdriver/troubleshooting/errors#no-such-element-exception
Build info: version: '4.27.0', revision: 'd6e718d134'
System info: os.name: 'Windows 11', os.arch: 'amd64', os.version: '10.0', java.version: '23.0.1'
Driver info: org.openqa.selenium.chrome.ChromeDriver
Command: [14b9c185da0ada5055f39e188e1d3d78, findElement {using=xpath, value=//span[normalize-space()='Vendor added successfully.']}]
Capabilities {acceptInsecureCerts: false, browserName: chrome, browserVersion: 135.0.7049.84, chrome: {chromedriverVersion: 135.0.7049.84 (6c019e560019..., userDataDir: C:\Users\ABHISH~1.KUM\AppDa...}, fedcm:accounts: true, goog:chromeOptions: {debuggerAddress: localhost:52742}, networkConnectionEnabled: false, pageLoadStrategy: normal, platformName: windows, proxy: Proxy(), se:cdp: ws://localhost:52742/devtoo..., se:cdpVersion: 135.0.7049.84, setWindowRect: true, strictFileInteractability: false, timeouts: {implicit: 0, pageLoad: 300000, script: 30000}, unhandledPromptBehavior: dismiss and notify, webauthn:extension:credBlob: true, webauthn:extension:largeBlob: true, webauthn:extension:minPinLength: true, webauthn:extension:prf: true, webauthn:virtualAuthenticators: true}
Session ID: 14b9c185da0ada5055f39e188e1d3d78
at org.openqa.selenium.remote.ErrorCodec.decode(ErrorCodec.java:167)
at org.openqa.selenium.remote.codec.w3c.W3CHttpResponseCodec.decode(W3CHttpResponseCodec.java:138)
at org.openqa.selenium.remote.codec.w3c.W3CHttpResponseCodec.decode(W3CHttpResponseCodec.java:50)
at org.openqa.selenium.remote.HttpCommandExecutor.execute(HttpCommandExecutor.java:190)
at org.openqa.selenium.remote.service.DriverCommandExecutor.invokeExecute(DriverCommandExecutor.java:216)
at org.openqa.selenium.remote.service.DriverCommandExecutor.execute(DriverCommandExecutor.java:174)
at org.openqa.selenium.remote.RemoteWebDriver.execute(RemoteWebDriver.java:545)
at org.openqa.selenium.remote.ElementLocation$ElementFinder$2.findElement(ElementLocation.java:165)
at org.openqa.selenium.remote.ElementLocation.findElement(ElementLocation.java:59)
at org.openqa.selenium.remote.RemoteWebDriver.findElement(RemoteWebDriver.java:368)
at org.openqa.selenium.remote.RemoteWebDriver.findElement(RemoteWebDriver.java:362)
at com.ipacstesting.qa.pages.MasterListVendors.verifyTxtVendorAddSuccessfullyMsgInAddVendorPage(MasterListVendors.java:277)
at com.ipacs.qa.testcases.MasterListVendorsTest.verifyAddVendorInMasterListVendors(MasterListVendorsTest.java:248)
at java.base/java.util.ArrayList.forEach(ArrayList.java:1597)
... Removed 28 stack frames]]>
    </failure>
  </testcase> <!-- verifyAddVendorInMasterListVendors -->
  <testcase classname="com.ipacs.qa.testcases.MasterListVendorsTest" name="searchInViewMasterListVendorCategory" time="24.177"/>
  <testcase classname="com.ipacs.qa.testcases.MasterListVendorsTest" name="clickandverifyVendorCategoryNameHyperlinkInviewMasterList" time="33.732"/>
  <testcase classname="com.ipacs.qa.testcases.MasterListVendorsTest" name="verifySortingInVendorCategory" time="9.856">
    <failure type="org.openqa.selenium.ElementNotInteractableException" message="element not interactable
  (Session info: chrome=135.0.7049.84)
Build info: version: &amp;apos;4.27.0&amp;apos;, revision: &amp;apos;d6e718d134&amp;apos;
System info: os.name: &amp;apos;Windows 11&amp;apos;, os.arch: &amp;apos;amd64&amp;apos;, os.version: &amp;apos;10.0&amp;apos;, java.version: &amp;apos;23.0.1&amp;apos;
Driver info: org.openqa.selenium.chrome.ChromeDriver
Command: [aeaae27503be5f2ec6424444418f2bba, clickElement {id=f.251967DAA57134EF57A7290ED19DFC7F.d.E9830C9552D0F4256CA804A656CEC508.e.61}]
Capabilities {acceptInsecureCerts: false, browserName: chrome, browserVersion: 135.0.7049.84, chrome: {chromedriverVersion: 135.0.7049.84 (6c019e560019..., userDataDir: C:\Users\ABHISH~1.KUM\AppDa...}, fedcm:accounts: true, goog:chromeOptions: {debuggerAddress: localhost:52870}, networkConnectionEnabled: false, pageLoadStrategy: normal, platformName: windows, proxy: Proxy(), se:cdp: ws://localhost:52870/devtoo..., se:cdpVersion: 135.0.7049.84, setWindowRect: true, strictFileInteractability: false, timeouts: {implicit: 0, pageLoad: 300000, script: 30000}, unhandledPromptBehavior: dismiss and notify, webauthn:extension:credBlob: true, webauthn:extension:largeBlob: true, webauthn:extension:minPinLength: true, webauthn:extension:prf: true, webauthn:virtualAuthenticators: true}
Element: [[ChromeDriver: chrome on windows (aeaae27503be5f2ec6424444418f2bba)] -&amp;gt; xpath: //a[@href=&amp;apos;/CCMS/ViewVendors&amp;apos;]]
Session ID: aeaae27503be5f2ec6424444418f2bba">
      <![CDATA[org.openqa.selenium.ElementNotInteractableException: element not interactable
  (Session info: chrome=135.0.7049.84)
Build info: version: '4.27.0', revision: 'd6e718d134'
System info: os.name: 'Windows 11', os.arch: 'amd64', os.version: '10.0', java.version: '23.0.1'
Driver info: org.openqa.selenium.chrome.ChromeDriver
Command: [aeaae27503be5f2ec6424444418f2bba, clickElement {id=f.251967DAA57134EF57A7290ED19DFC7F.d.E9830C9552D0F4256CA804A656CEC508.e.61}]
Capabilities {acceptInsecureCerts: false, browserName: chrome, browserVersion: 135.0.7049.84, chrome: {chromedriverVersion: 135.0.7049.84 (6c019e560019..., userDataDir: C:\Users\ABHISH~1.KUM\AppDa...}, fedcm:accounts: true, goog:chromeOptions: {debuggerAddress: localhost:52870}, networkConnectionEnabled: false, pageLoadStrategy: normal, platformName: windows, proxy: Proxy(), se:cdp: ws://localhost:52870/devtoo..., se:cdpVersion: 135.0.7049.84, setWindowRect: true, strictFileInteractability: false, timeouts: {implicit: 0, pageLoad: 300000, script: 30000}, unhandledPromptBehavior: dismiss and notify, webauthn:extension:credBlob: true, webauthn:extension:largeBlob: true, webauthn:extension:minPinLength: true, webauthn:extension:prf: true, webauthn:virtualAuthenticators: true}
Element: [[ChromeDriver: chrome on windows (aeaae27503be5f2ec6424444418f2bba)] -> xpath: //a[@href='/CCMS/ViewVendors']]
Session ID: aeaae27503be5f2ec6424444418f2bba
at org.openqa.selenium.remote.ErrorCodec.decode(ErrorCodec.java:167)
at org.openqa.selenium.remote.codec.w3c.W3CHttpResponseCodec.decode(W3CHttpResponseCodec.java:138)
at org.openqa.selenium.remote.codec.w3c.W3CHttpResponseCodec.decode(W3CHttpResponseCodec.java:50)
at org.openqa.selenium.remote.HttpCommandExecutor.execute(HttpCommandExecutor.java:190)
at org.openqa.selenium.remote.service.DriverCommandExecutor.invokeExecute(DriverCommandExecutor.java:216)
at org.openqa.selenium.remote.service.DriverCommandExecutor.execute(DriverCommandExecutor.java:174)
at org.openqa.selenium.remote.RemoteWebDriver.execute(RemoteWebDriver.java:545)
at org.openqa.selenium.remote.RemoteWebElement.execute(RemoteWebElement.java:223)
at org.openqa.selenium.remote.RemoteWebElement.click(RemoteWebElement.java:76)
at com.ipacstesting.qa.pages.MasterListVendors.clickViewMasterList(MasterListVendors.java:105)
at com.ipacs.qa.testcases.MasterListVendorsTest.verifySortingInVendorCategory(MasterListVendorsTest.java:307)
at java.base/java.util.ArrayList.forEach(ArrayList.java:1597)
... Removed 28 stack frames]]>
    </failure>
  </testcase> <!-- verifySortingInVendorCategory -->
</testsuite> <!-- LoginPageTest -->
