<?xml version="1.0" encoding="UTF-8"?>
<!-- Generated by org.testng.reporters.JUnitReportReporter -->
<testsuite hostname="L-103345-23Aug" failures="2" tests="31" name="com.ipacs.qa.testcases.ReportTest" time="904.358" errors="0" timestamp="2025-06-26T14:48:34 IST" skipped="0">
  <testcase classname="com.ipacs.qa.testcases.ReportTest" name="verifyIpacsLoginPage" time="16.744"/>
  <system-out/>
  <testcase classname="com.ipacs.qa.testcases.ReportTest" name="verifyReportMenu" time="20.141"/>
  <system-out/>
  <testcase classname="com.ipacs.qa.testcases.ReportTest" name="verifySOPCurrentCertificationReport" time="23.644"/>
  <system-out/>
  <testcase classname="com.ipacs.qa.testcases.ReportTest" name="verifySOPExpiredCertificationReport" time="24.375"/>
  <system-out/>
  <testcase classname="com.ipacs.qa.testcases.ReportTest" name="verifySOPCertificationHistoryReport" time="27.569"/>
  <system-out/>
  <testcase classname="com.ipacs.qa.testcases.ReportTest" name="verifyPolicyCurrentCertificationReport" time="28.538"/>
  <system-out/>
  <testcase classname="com.ipacs.qa.testcases.ReportTest" name="verifyPolicyExpiredCertificationReport" time="22.111"/>
  <system-out/>
  <testcase classname="com.ipacs.qa.testcases.ReportTest" name="verifyPolicyCertificationHistoryReport" time="22.977"/>
  <system-out/>
  <testcase classname="com.ipacs.qa.testcases.ReportTest" name="verifyCurrentApprovalListSOP" time="28.325"/>
  <system-out/>
  <testcase classname="com.ipacs.qa.testcases.ReportTest" name="verifyApprovalListHistorySOP" time="44.035"/>
  <system-out/>
  <testcase classname="com.ipacs.qa.testcases.ReportTest" name="verifyCurrentApprovalListPolicy" time="30.716"/>
  <system-out/>
  <testcase classname="com.ipacs.qa.testcases.ReportTest" name="verifyApprovalListHistoryPolicy" time="30.588"/>
  <system-out/>
  <testcase classname="com.ipacs.qa.testcases.ReportTest" name="verifyCurrentApprovalListTest" time="35.504"/>
  <system-out/>
  <testcase classname="com.ipacs.qa.testcases.ReportTest" name="verifyApprovalListHistoryTest" time="31.355"/>
  <system-out/>
  <testcase classname="com.ipacs.qa.testcases.ReportTest" name="verifyInternalAuditReport" time="33.522"/>
  <system-out/>
  <testcase classname="com.ipacs.qa.testcases.ReportTest" name="verifyExternalAuditReport" time="27.062"/>
  <system-out/>
  <testcase classname="com.ipacs.qa.testcases.ReportTest" name="verifyEmployeeReport" time="29.802"/>
  <system-out/>
  <testcase classname="com.ipacs.qa.testcases.ReportTest" name="verifyEmployeeTestHistoryReport" time="27.894"/>
  <system-out/>
  <testcase classname="com.ipacs.qa.testcases.ReportTest" name="verifyVendorDocumentStatusReportByVendor" time="31.182"/>
  <system-out/>
  <testcase classname="com.ipacs.qa.testcases.ReportTest" name="verifyVendorDocumentStatusReportByDocumentType" time="29.627"/>
  <system-out/>
  <testcase classname="com.ipacs.qa.testcases.ReportTest" name="verifyVendorDetailsReportByVendor" time="28.406">
    <failure message="Report file not downloaded! expected [true] but found [false]" type="java.lang.AssertionError">
      <![CDATA[java.lang.AssertionError: Report file not downloaded! expected [true] but found [false]
at org.testng.Assert.fail(Assert.java:99)
at org.testng.Assert.failNotEquals(Assert.java:1037)
at org.testng.Assert.assertTrue(Assert.java:45)
at com.ipacs.qa.testcases.ReportTest.verifyVendorDetailsReportByVendor(ReportTest.java:382)
at java.base/jdk.internal.reflect.DirectMethodHandleAccessor.invoke(DirectMethodHandleAccessor.java:103)
at java.base/java.lang.reflect.Method.invoke(Method.java:580)
at org.testng.internal.MethodInvocationHelper.invokeMethod(MethodInvocationHelper.java:133)
at org.testng.internal.TestInvoker.invokeMethod(TestInvoker.java:598)
at org.testng.internal.TestInvoker.invokeTestMethod(TestInvoker.java:173)
at org.testng.internal.MethodRunner.runInSequence(MethodRunner.java:46)
at org.testng.internal.TestInvoker$MethodInvocationAgent.invoke(TestInvoker.java:824)
at org.testng.internal.TestInvoker.invokeTestMethods(TestInvoker.java:146)
at org.testng.internal.TestMethodWorker.invokeTestMethods(TestMethodWorker.java:146)
at org.testng.internal.TestMethodWorker.run(TestMethodWorker.java:128)
at java.base/java.util.ArrayList.forEach(ArrayList.java:1597)
at org.testng.TestRunner.privateRun(TestRunner.java:794)
at org.testng.TestRunner.run(TestRunner.java:596)
at org.testng.SuiteRunner.runTest(SuiteRunner.java:377)
at org.testng.SuiteRunner.runSequentially(SuiteRunner.java:371)
at org.testng.SuiteRunner.privateRun(SuiteRunner.java:332)
at org.testng.SuiteRunner.run(SuiteRunner.java:276)
at org.testng.SuiteRunnerWorker.runSuite(SuiteRunnerWorker.java:53)
at org.testng.SuiteRunnerWorker.run(SuiteRunnerWorker.java:96)
at org.testng.TestNG.runSuitesSequentially(TestNG.java:1212)
at org.testng.TestNG.runSuitesLocally(TestNG.java:1134)
at org.testng.TestNG.runSuites(TestNG.java:1063)
at org.testng.TestNG.run(TestNG.java:1031)
at org.testng.remote.AbstractRemoteTestNG.run(AbstractRemoteTestNG.java:115)
at org.testng.remote.RemoteTestNG.initAndRun(RemoteTestNG.java:293)
at org.testng.remote.RemoteTestNG.main(RemoteTestNG.java:91)
]]>
    </failure>
  </testcase> <!-- verifyVendorDetailsReportByVendor -->
  <system-out/>
  <testcase classname="com.ipacs.qa.testcases.ReportTest" name="verifyVendorDetailsReportByVendorCategory" time="21.988">
    <failure message="Report file not downloaded! expected [true] but found [false]" type="java.lang.AssertionError">
      <![CDATA[java.lang.AssertionError: Report file not downloaded! expected [true] but found [false]
at org.testng.Assert.fail(Assert.java:99)
at org.testng.Assert.failNotEquals(Assert.java:1037)
at org.testng.Assert.assertTrue(Assert.java:45)
at com.ipacs.qa.testcases.ReportTest.verifyVendorDetailsReportByVendorCategory(ReportTest.java:399)
at java.base/jdk.internal.reflect.DirectMethodHandleAccessor.invoke(DirectMethodHandleAccessor.java:103)
at java.base/java.lang.reflect.Method.invoke(Method.java:580)
at org.testng.internal.MethodInvocationHelper.invokeMethod(MethodInvocationHelper.java:133)
at org.testng.internal.TestInvoker.invokeMethod(TestInvoker.java:598)
at org.testng.internal.TestInvoker.invokeTestMethod(TestInvoker.java:173)
at org.testng.internal.MethodRunner.runInSequence(MethodRunner.java:46)
at org.testng.internal.TestInvoker$MethodInvocationAgent.invoke(TestInvoker.java:824)
at org.testng.internal.TestInvoker.invokeTestMethods(TestInvoker.java:146)
at org.testng.internal.TestMethodWorker.invokeTestMethods(TestMethodWorker.java:146)
at org.testng.internal.TestMethodWorker.run(TestMethodWorker.java:128)
at java.base/java.util.ArrayList.forEach(ArrayList.java:1597)
at org.testng.TestRunner.privateRun(TestRunner.java:794)
at org.testng.TestRunner.run(TestRunner.java:596)
at org.testng.SuiteRunner.runTest(SuiteRunner.java:377)
at org.testng.SuiteRunner.runSequentially(SuiteRunner.java:371)
at org.testng.SuiteRunner.privateRun(SuiteRunner.java:332)
at org.testng.SuiteRunner.run(SuiteRunner.java:276)
at org.testng.SuiteRunnerWorker.runSuite(SuiteRunnerWorker.java:53)
at org.testng.SuiteRunnerWorker.run(SuiteRunnerWorker.java:96)
at org.testng.TestNG.runSuitesSequentially(TestNG.java:1212)
at org.testng.TestNG.runSuitesLocally(TestNG.java:1134)
at org.testng.TestNG.runSuites(TestNG.java:1063)
at org.testng.TestNG.run(TestNG.java:1031)
at org.testng.remote.AbstractRemoteTestNG.run(AbstractRemoteTestNG.java:115)
at org.testng.remote.RemoteTestNG.initAndRun(RemoteTestNG.java:293)
at org.testng.remote.RemoteTestNG.main(RemoteTestNG.java:91)
]]>
    </failure>
  </testcase> <!-- verifyVendorDetailsReportByVendorCategory -->
  <system-out/>
  <testcase classname="com.ipacs.qa.testcases.ReportTest" name="verifyPassingScoreTestReportDepartmentWide" time="28.679"/>
  <system-out/>
  <testcase classname="com.ipacs.qa.testcases.ReportTest" name="verifyPassingScoreTestReportCompanyWide" time="27.885"/>
  <system-out/>
  <testcase classname="com.ipacs.qa.testcases.ReportTest" name="verifyPassingScoreTestReportByTitle" time="26.905"/>
  <system-out/>
  <testcase classname="com.ipacs.qa.testcases.ReportTest" name="verifyPassingScoreTestReportByAllTest" time="29.374"/>
  <system-out/>
  <testcase classname="com.ipacs.qa.testcases.ReportTest" name="verifyCompanyTestHistoryReportByDepartmentWide" time="31.112"/>
  <system-out/>
  <testcase classname="com.ipacs.qa.testcases.ReportTest" name="verifyCompanyTestHistoryReportByCompanyWide" time="29.692"/>
  <system-out/>
  <testcase classname="com.ipacs.qa.testcases.ReportTest" name="verifyCompanyTestHistoryReportByTitleWide" time="36.026"/>
  <system-out/>
  <testcase classname="com.ipacs.qa.testcases.ReportTest" name="verifyCompanyTestHistoryReportByAllTest" time="44.075"/>
  <system-out/>
  <testcase classname="com.ipacs.qa.testcases.ReportTest" name="verifyTestQuestionsAndResponsesReport" time="34.505"/>
  <system-out/>
</testsuite> <!-- com.ipacs.qa.testcases.ReportTest -->
