<?xml version="1.0" encoding="UTF-8"?>
<!-- Generated by org.testng.reporters.JUnitReportReporter -->
<testsuite hostname="L-103345-23Aug" failures="0" tests="30" name="com.ipacs.qa.icm.tests.MasterListVendorsTest" time="1278.564" errors="2" timestamp="2025-07-21T11:34:55 IST" skipped="0">
  <testcase classname="com.ipacs.qa.icm.tests.MasterListVendorsTest" name="verifyIpacsLoginPage" time="26.175"/>
  <system-out/>
  <testcase classname="com.ipacs.qa.icm.tests.MasterListVendorsTest" name="verifyMasterListVendors" time="27.426"/>
  <system-out/>
  <testcase classname="com.ipacs.qa.icm.tests.MasterListVendorsTest" name="verifyAddVendorCategoryInMasterListVendors" time="67.106"/>
  <system-out/>
  <testcase classname="com.ipacs.qa.icm.tests.MasterListVendorsTest" name="verifyViewMasterList" time="36.478"/>
  <system-out/>
  <testcase classname="com.ipacs.qa.icm.tests.MasterListVendorsTest" name="verifyShowEntriesInViewMasterList" time="38.801"/>
  <system-out/>
  <testcase classname="com.ipacs.qa.icm.tests.MasterListVendorsTest" name="verifySortingInViewMasterList" time="52.337"/>
  <system-out/>
  <testcase classname="com.ipacs.qa.icm.tests.MasterListVendorsTest" name="verifySortingByStatus" time="46.594"/>
  <system-out/>
  <testcase classname="com.ipacs.qa.icm.tests.MasterListVendorsTest" name="searchInViewMasterList" time="33.866"/>
  <system-out/>
  <testcase classname="com.ipacs.qa.icm.tests.MasterListVendorsTest" name="verifyPaginationInViewMasterList" time="45.582">
    <error message="element not interactable
  (Session info: chrome=138.0.7204.158)
Build info: version: &#039;4.20.0&#039;, revision: &#039;866c76ca80&#039;
System info: os.name: &#039;Windows 11&#039;, os.arch: &#039;amd64&#039;, os.version: &#039;10.0&#039;, java.version: &#039;23.0.1&#039;
Driver info: org.openqa.selenium.chrome.ChromeDriver
Command: [89e6cb6ec3d156979772952c75663bc1, clickElement {id=f.C7BAA923B8440EBAE510B834DB5FC050.d.A9D2B9504FC2AFAEDB0F49C8A798DF58.e.54}]
Capabilities {acceptInsecureCerts: false, browserName: chrome, browserVersion: 138.0.7204.158, chrome: {chromedriverVersion: 138.0.7204.157 (e533e98b126..., userDataDir: C:\Users\ABHISH~1.KUM\AppDa...}, fedcm:accounts: true, goog:chromeOptions: {debuggerAddress: localhost:53478}, networkConnectionEnabled: false, pageLoadStrategy: normal, platformName: windows, proxy: Proxy(), se:cdp: ws://localhost:53478/devtoo..., se:cdpVersion: 138.0.7204.158, setWindowRect: true, strictFileInteractability: false, timeouts: {implicit: 0, pageLoad: 300000, script: 30000}, unhandledPromptBehavior: dismiss and notify, webauthn:extension:credBlob: true, webauthn:extension:largeBlob: true, webauthn:extension:minPinLength: true, webauthn:extension:prf: true, webauthn:virtualAuthenticators: true}
Element: [[ChromeDriver: chrome on windows (89e6cb6ec3d156979772952c75663bc1)] -&gt; xpath: //a[@href=&#039;/CCMS/ViewVendors&#039;]]
Session ID: 89e6cb6ec3d156979772952c75663bc1" type="org.openqa.selenium.ElementNotInteractableException">
      <![CDATA[org.openqa.selenium.ElementNotInteractableException: element not interactable
  (Session info: chrome=138.0.7204.158)
Build info: version: '4.20.0', revision: '866c76ca80'
System info: os.name: 'Windows 11', os.arch: 'amd64', os.version: '10.0', java.version: '23.0.1'
Driver info: org.openqa.selenium.chrome.ChromeDriver
Command: [89e6cb6ec3d156979772952c75663bc1, clickElement {id=f.C7BAA923B8440EBAE510B834DB5FC050.d.A9D2B9504FC2AFAEDB0F49C8A798DF58.e.54}]
Capabilities {acceptInsecureCerts: false, browserName: chrome, browserVersion: 138.0.7204.158, chrome: {chromedriverVersion: 138.0.7204.157 (e533e98b126..., userDataDir: C:\Users\ABHISH~1.KUM\AppDa...}, fedcm:accounts: true, goog:chromeOptions: {debuggerAddress: localhost:53478}, networkConnectionEnabled: false, pageLoadStrategy: normal, platformName: windows, proxy: Proxy(), se:cdp: ws://localhost:53478/devtoo..., se:cdpVersion: 138.0.7204.158, setWindowRect: true, strictFileInteractability: false, timeouts: {implicit: 0, pageLoad: 300000, script: 30000}, unhandledPromptBehavior: dismiss and notify, webauthn:extension:credBlob: true, webauthn:extension:largeBlob: true, webauthn:extension:minPinLength: true, webauthn:extension:prf: true, webauthn:virtualAuthenticators: true}
Element: [[ChromeDriver: chrome on windows (89e6cb6ec3d156979772952c75663bc1)] -> xpath: //a[@href='/CCMS/ViewVendors']]
Session ID: 89e6cb6ec3d156979772952c75663bc1
at java.base/jdk.internal.reflect.DirectConstructorHandleAccessor.newInstance(DirectConstructorHandleAccessor.java:62)
at java.base/java.lang.reflect.Constructor.newInstanceWithCaller(Constructor.java:501)
at java.base/java.lang.reflect.Constructor.newInstance(Constructor.java:485)
at org.openqa.selenium.remote.ErrorCodec.decode(ErrorCodec.java:167)
at org.openqa.selenium.remote.codec.w3c.W3CHttpResponseCodec.decode(W3CHttpResponseCodec.java:138)
at org.openqa.selenium.remote.codec.w3c.W3CHttpResponseCodec.decode(W3CHttpResponseCodec.java:50)
at org.openqa.selenium.remote.HttpCommandExecutor.execute(HttpCommandExecutor.java:190)
at org.openqa.selenium.remote.service.DriverCommandExecutor.invokeExecute(DriverCommandExecutor.java:216)
at org.openqa.selenium.remote.service.DriverCommandExecutor.execute(DriverCommandExecutor.java:174)
at org.openqa.selenium.remote.RemoteWebDriver.execute(RemoteWebDriver.java:518)
at org.openqa.selenium.remote.RemoteWebElement.execute(RemoteWebElement.java:223)
at org.openqa.selenium.remote.RemoteWebElement.click(RemoteWebElement.java:76)
at java.base/jdk.internal.reflect.DirectMethodHandleAccessor.invoke(DirectMethodHandleAccessor.java:103)
at java.base/java.lang.reflect.Method.invoke(Method.java:580)
at org.openqa.selenium.support.pagefactory.internal.LocatingElementHandler.invoke(LocatingElementHandler.java:51)
at jdk.proxy2/jdk.proxy2.$Proxy17.click(Unknown Source)
at com.ipacs.qa.icm.pages.MasterListVendors.clickViewMasterList(MasterListVendors.java:224)
at com.ipacs.qa.icm.tests.MasterListVendorsTest.verifyPaginationInViewMasterList(MasterListVendorsTest.java:206)
at java.base/jdk.internal.reflect.DirectMethodHandleAccessor.invoke(DirectMethodHandleAccessor.java:103)
at java.base/java.lang.reflect.Method.invoke(Method.java:580)
at org.testng.internal.MethodInvocationHelper.invokeMethod(MethodInvocationHelper.java:133)
at org.testng.internal.TestInvoker.invokeMethod(TestInvoker.java:598)
at org.testng.internal.TestInvoker.invokeTestMethod(TestInvoker.java:173)
at org.testng.internal.MethodRunner.runInSequence(MethodRunner.java:46)
at org.testng.internal.TestInvoker$MethodInvocationAgent.invoke(TestInvoker.java:824)
at org.testng.internal.TestInvoker.invokeTestMethods(TestInvoker.java:146)
at org.testng.internal.TestMethodWorker.invokeTestMethods(TestMethodWorker.java:146)
at org.testng.internal.TestMethodWorker.run(TestMethodWorker.java:128)
at java.base/java.util.ArrayList.forEach(ArrayList.java:1597)
at org.testng.TestRunner.privateRun(TestRunner.java:794)
at org.testng.TestRunner.run(TestRunner.java:596)
at org.testng.SuiteRunner.runTest(SuiteRunner.java:377)
at org.testng.SuiteRunner.runSequentially(SuiteRunner.java:371)
at org.testng.SuiteRunner.privateRun(SuiteRunner.java:332)
at org.testng.SuiteRunner.run(SuiteRunner.java:276)
at org.testng.SuiteRunnerWorker.runSuite(SuiteRunnerWorker.java:53)
at org.testng.SuiteRunnerWorker.run(SuiteRunnerWorker.java:96)
at org.testng.TestNG.runSuitesSequentially(TestNG.java:1212)
at org.testng.TestNG.runSuitesLocally(TestNG.java:1134)
at org.testng.TestNG.runSuites(TestNG.java:1063)
at org.testng.TestNG.run(TestNG.java:1031)
at org.testng.remote.AbstractRemoteTestNG.run(AbstractRemoteTestNG.java:115)
at org.testng.remote.RemoteTestNG.initAndRun(RemoteTestNG.java:293)
at org.testng.remote.RemoteTestNG.main(RemoteTestNG.java:91)
]]>
    </error>
  </testcase> <!-- verifyPaginationInViewMasterList -->
  <system-out/>
  <testcase classname="com.ipacs.qa.icm.tests.MasterListVendorsTest" name="editandverifyVendorNameHyperlinkInviewMasterList" time="36.203">
    <error message="element not interactable
  (Session info: chrome=138.0.7204.158)
Build info: version: &#039;4.20.0&#039;, revision: &#039;866c76ca80&#039;
System info: os.name: &#039;Windows 11&#039;, os.arch: &#039;amd64&#039;, os.version: &#039;10.0&#039;, java.version: &#039;23.0.1&#039;
Driver info: org.openqa.selenium.chrome.ChromeDriver
Command: [6dbdc1bc55672033b092840a29c0afc5, clickElement {id=f.180D43D1EBE8DFDAC1841B1254916532.d.A8A604F6E592C59B01AF6BABD5660966.e.48}]
Capabilities {acceptInsecureCerts: false, browserName: chrome, browserVersion: 138.0.7204.158, chrome: {chromedriverVersion: 138.0.7204.157 (e533e98b126..., userDataDir: C:\Users\ABHISH~1.KUM\AppDa...}, fedcm:accounts: true, goog:chromeOptions: {debuggerAddress: localhost:53541}, networkConnectionEnabled: false, pageLoadStrategy: normal, platformName: windows, proxy: Proxy(), se:cdp: ws://localhost:53541/devtoo..., se:cdpVersion: 138.0.7204.158, setWindowRect: true, strictFileInteractability: false, timeouts: {implicit: 0, pageLoad: 300000, script: 30000}, unhandledPromptBehavior: dismiss and notify, webauthn:extension:credBlob: true, webauthn:extension:largeBlob: true, webauthn:extension:minPinLength: true, webauthn:extension:prf: true, webauthn:virtualAuthenticators: true}
Element: [[ChromeDriver: chrome on windows (6dbdc1bc55672033b092840a29c0afc5)] -&gt; xpath: //a[@href=&#039;/CCMS/ViewVendors&#039;]]
Session ID: 6dbdc1bc55672033b092840a29c0afc5" type="org.openqa.selenium.ElementNotInteractableException">
      <![CDATA[org.openqa.selenium.ElementNotInteractableException: element not interactable
  (Session info: chrome=138.0.7204.158)
Build info: version: '4.20.0', revision: '866c76ca80'
System info: os.name: 'Windows 11', os.arch: 'amd64', os.version: '10.0', java.version: '23.0.1'
Driver info: org.openqa.selenium.chrome.ChromeDriver
Command: [6dbdc1bc55672033b092840a29c0afc5, clickElement {id=f.180D43D1EBE8DFDAC1841B1254916532.d.A8A604F6E592C59B01AF6BABD5660966.e.48}]
Capabilities {acceptInsecureCerts: false, browserName: chrome, browserVersion: 138.0.7204.158, chrome: {chromedriverVersion: 138.0.7204.157 (e533e98b126..., userDataDir: C:\Users\ABHISH~1.KUM\AppDa...}, fedcm:accounts: true, goog:chromeOptions: {debuggerAddress: localhost:53541}, networkConnectionEnabled: false, pageLoadStrategy: normal, platformName: windows, proxy: Proxy(), se:cdp: ws://localhost:53541/devtoo..., se:cdpVersion: 138.0.7204.158, setWindowRect: true, strictFileInteractability: false, timeouts: {implicit: 0, pageLoad: 300000, script: 30000}, unhandledPromptBehavior: dismiss and notify, webauthn:extension:credBlob: true, webauthn:extension:largeBlob: true, webauthn:extension:minPinLength: true, webauthn:extension:prf: true, webauthn:virtualAuthenticators: true}
Element: [[ChromeDriver: chrome on windows (6dbdc1bc55672033b092840a29c0afc5)] -> xpath: //a[@href='/CCMS/ViewVendors']]
Session ID: 6dbdc1bc55672033b092840a29c0afc5
at java.base/jdk.internal.reflect.DirectConstructorHandleAccessor.newInstance(DirectConstructorHandleAccessor.java:62)
at java.base/java.lang.reflect.Constructor.newInstanceWithCaller(Constructor.java:501)
at java.base/java.lang.reflect.Constructor.newInstance(Constructor.java:485)
at org.openqa.selenium.remote.ErrorCodec.decode(ErrorCodec.java:167)
at org.openqa.selenium.remote.codec.w3c.W3CHttpResponseCodec.decode(W3CHttpResponseCodec.java:138)
at org.openqa.selenium.remote.codec.w3c.W3CHttpResponseCodec.decode(W3CHttpResponseCodec.java:50)
at org.openqa.selenium.remote.HttpCommandExecutor.execute(HttpCommandExecutor.java:190)
at org.openqa.selenium.remote.service.DriverCommandExecutor.invokeExecute(DriverCommandExecutor.java:216)
at org.openqa.selenium.remote.service.DriverCommandExecutor.execute(DriverCommandExecutor.java:174)
at org.openqa.selenium.remote.RemoteWebDriver.execute(RemoteWebDriver.java:518)
at org.openqa.selenium.remote.RemoteWebElement.execute(RemoteWebElement.java:223)
at org.openqa.selenium.remote.RemoteWebElement.click(RemoteWebElement.java:76)
at java.base/jdk.internal.reflect.DirectMethodHandleAccessor.invoke(DirectMethodHandleAccessor.java:103)
at java.base/java.lang.reflect.Method.invoke(Method.java:580)
at org.openqa.selenium.support.pagefactory.internal.LocatingElementHandler.invoke(LocatingElementHandler.java:51)
at jdk.proxy2/jdk.proxy2.$Proxy17.click(Unknown Source)
at com.ipacs.qa.icm.pages.MasterListVendors.clickViewMasterList(MasterListVendors.java:224)
at com.ipacs.qa.icm.tests.MasterListVendorsTest.editandverifyVendorNameHyperlinkInviewMasterList(MasterListVendorsTest.java:226)
at java.base/jdk.internal.reflect.DirectMethodHandleAccessor.invoke(DirectMethodHandleAccessor.java:103)
at java.base/java.lang.reflect.Method.invoke(Method.java:580)
at org.testng.internal.MethodInvocationHelper.invokeMethod(MethodInvocationHelper.java:133)
at org.testng.internal.TestInvoker.invokeMethod(TestInvoker.java:598)
at org.testng.internal.TestInvoker.invokeTestMethod(TestInvoker.java:173)
at org.testng.internal.MethodRunner.runInSequence(MethodRunner.java:46)
at org.testng.internal.TestInvoker$MethodInvocationAgent.invoke(TestInvoker.java:824)
at org.testng.internal.TestInvoker.invokeTestMethods(TestInvoker.java:146)
at org.testng.internal.TestMethodWorker.invokeTestMethods(TestMethodWorker.java:146)
at org.testng.internal.TestMethodWorker.run(TestMethodWorker.java:128)
at java.base/java.util.ArrayList.forEach(ArrayList.java:1597)
at org.testng.TestRunner.privateRun(TestRunner.java:794)
at org.testng.TestRunner.run(TestRunner.java:596)
at org.testng.SuiteRunner.runTest(SuiteRunner.java:377)
at org.testng.SuiteRunner.runSequentially(SuiteRunner.java:371)
at org.testng.SuiteRunner.privateRun(SuiteRunner.java:332)
at org.testng.SuiteRunner.run(SuiteRunner.java:276)
at org.testng.SuiteRunnerWorker.runSuite(SuiteRunnerWorker.java:53)
at org.testng.SuiteRunnerWorker.run(SuiteRunnerWorker.java:96)
at org.testng.TestNG.runSuitesSequentially(TestNG.java:1212)
at org.testng.TestNG.runSuitesLocally(TestNG.java:1134)
at org.testng.TestNG.runSuites(TestNG.java:1063)
at org.testng.TestNG.run(TestNG.java:1031)
at org.testng.remote.AbstractRemoteTestNG.run(AbstractRemoteTestNG.java:115)
at org.testng.remote.RemoteTestNG.initAndRun(RemoteTestNG.java:293)
at org.testng.remote.RemoteTestNG.main(RemoteTestNG.java:91)
]]>
    </error>
  </testcase> <!-- editandverifyVendorNameHyperlinkInviewMasterList -->
  <system-out/>
  <testcase classname="com.ipacs.qa.icm.tests.MasterListVendorsTest" name="verifyEditVendorNameInViewMasterList" time="39.604"/>
  <system-out/>
  <testcase classname="com.ipacs.qa.icm.tests.MasterListVendorsTest" name="verifyAddVendorInMasterListVendors" time="73.792"/>
  <system-out/>
  <testcase classname="com.ipacs.qa.icm.tests.MasterListVendorsTest" name="searchInViewMasterListVendorCategory" time="25.655"/>
  <system-out/>
  <testcase classname="com.ipacs.qa.icm.tests.MasterListVendorsTest" name="clickandverifyVendorCategoryNameHyperlinkInviewMasterList" time="40.133"/>
  <system-out/>
  <testcase classname="com.ipacs.qa.icm.tests.MasterListVendorsTest" name="verifySortingInVendorCategory" time="51.575"/>
  <system-out/>
  <testcase classname="com.ipacs.qa.icm.tests.MasterListVendorsTest" name="verifyDropDownAndSearchTextBoxInVendorCategoryPage" time="43.346"/>
  <system-out/>
  <testcase classname="com.ipacs.qa.icm.tests.MasterListVendorsTest" name="verifyValidationMessageOnVendorCategoryPage" time="31.556"/>
  <system-out/>
  <testcase classname="com.ipacs.qa.icm.tests.MasterListVendorsTest" name="verifyValidationMessageOnAddVendorPage" time="31.355"/>
  <system-out/>
  <testcase classname="com.ipacs.qa.icm.tests.MasterListVendorsTest" name="verifyManageComplaintAlertsSubTabInVendorCategoryPage" time="43.688"/>
  <system-out/>
  <testcase classname="com.ipacs.qa.icm.tests.MasterListVendorsTest" name="verifyShowEntriesInVendorListTabInVendorCategoryPage" time="40.297"/>
  <system-out/>
  <testcase classname="com.ipacs.qa.icm.tests.MasterListVendorsTest" name="verifySearchInVendorListTabInVendorCategoryPage" time="44.476"/>
  <system-out/>
  <testcase classname="com.ipacs.qa.icm.tests.MasterListVendorsTest" name="verifySortingInVendorListTabInVendorCategoryPage" time="57.552"/>
  <system-out/>
  <testcase classname="com.ipacs.qa.icm.tests.MasterListVendorsTest" name="verifyPaginationInVendorListTabInVendorCategoryPage" time="52.395"/>
  <system-out/>
  <testcase classname="com.ipacs.qa.icm.tests.MasterListVendorsTest" name="verifyValidationMessageOnManageComplaintAlertsPage" time="55.117"/>
  <system-out/>
  <testcase classname="com.ipacs.qa.icm.tests.MasterListVendorsTest" name="verifySearchInViewMasterListWithInvalidData" time="31.169"/>
  <system-out/>
  <testcase classname="com.ipacs.qa.icm.tests.MasterListVendorsTest" name="verifyInactiveVendorInViewMasterList" time="33.890"/>
  <system-out/>
  <testcase classname="com.ipacs.qa.icm.tests.MasterListVendorsTest" name="verifyActiveVendorInViewMasterList" time="41.817"/>
  <system-out/>
  <testcase classname="com.ipacs.qa.icm.tests.MasterListVendorsTest" name="verifySortingResultInViewMasterListUsingVendorName" time="45.610"/>
  <system-out/>
  <testcase classname="com.ipacs.qa.icm.tests.MasterListVendorsTest" name="verifySortingResultInViewMasterListUsingVendorCategory" time="37.704"/>
  <system-out/>
  <testcase classname="com.ipacs.qa.icm.tests.MasterListVendorsTest" name="verifySortingResultInViewMasterListUsingStatus" time="47.265"/>
  <system-out/>
</testsuite> <!-- com.ipacs.qa.icm.tests.MasterListVendorsTest -->
