<?xml version="1.0" encoding="UTF-8"?>
<!-- Generated by org.testng.reporters.JUnitReportReporter -->
<testsuite hostname="L-103345-23Aug" failures="2" tests="25" name="com.ipacs.qa.ecm.tests.ECM_ReportTest" time="874.652" errors="0" timestamp="2025-07-22T17:41:26 IST" skipped="0">
  <testcase classname="com.ipacs.qa.ecm.tests.ECM_ReportTest" name="verifyIpacsEcmLoginPage" time="29.130"/>
  <system-out/>
  <testcase classname="com.ipacs.qa.ecm.tests.ECM_ReportTest" name="verifyReportModule" time="25.044"/>
  <system-out/>
  <testcase classname="com.ipacs.qa.ecm.tests.ECM_ReportTest" name="verifyCurrentApprovalListSection" time="45.073"/>
  <system-out/>
  <testcase classname="com.ipacs.qa.ecm.tests.ECM_ReportTest" name="verifyApprovalListHistorySection" time="38.386"/>
  <system-out/>
  <testcase classname="com.ipacs.qa.ecm.tests.ECM_ReportTest" name="verifyCurrentAcknowledgement" time="37.524"/>
  <system-out/>
  <testcase classname="com.ipacs.qa.ecm.tests.ECM_ReportTest" name="verifyAssignedAcknowledgement" time="40.256"/>
  <system-out/>
  <testcase classname="com.ipacs.qa.ecm.tests.ECM_ReportTest" name="verifyAcknowledgementHistory" time="40.300"/>
  <system-out/>
  <testcase classname="com.ipacs.qa.ecm.tests.ECM_ReportTest" name="verifyServicerDocumentStatusReport" time="45.939"/>
  <system-out/>
  <testcase classname="com.ipacs.qa.ecm.tests.ECM_ReportTest" name="verifyServicerDocumentStatusReportbyServicerCategory" time="40.363"/>
  <system-out/>
  <testcase classname="com.ipacs.qa.ecm.tests.ECM_ReportTest" name="verifyServicerDetailsReport" time="38.479">
    <failure message="Report file not downloaded! expected [true] but found [false]" type="java.lang.AssertionError">
      <![CDATA[java.lang.AssertionError: Report file not downloaded! expected [true] but found [false]
at org.testng.Assert.fail(Assert.java:99)
at org.testng.Assert.failNotEquals(Assert.java:1037)
at org.testng.Assert.assertTrue(Assert.java:45)
at com.ipacs.qa.ecm.tests.ECM_ReportTest.verifyServicerDetailsReport(ECM_ReportTest.java:176)
at java.base/jdk.internal.reflect.DirectMethodHandleAccessor.invoke(DirectMethodHandleAccessor.java:103)
at java.base/java.lang.reflect.Method.invoke(Method.java:580)
at org.testng.internal.MethodInvocationHelper.invokeMethod(MethodInvocationHelper.java:133)
at org.testng.internal.TestInvoker.invokeMethod(TestInvoker.java:598)
at org.testng.internal.TestInvoker.invokeTestMethod(TestInvoker.java:173)
at org.testng.internal.MethodRunner.runInSequence(MethodRunner.java:46)
at org.testng.internal.TestInvoker$MethodInvocationAgent.invoke(TestInvoker.java:824)
at org.testng.internal.TestInvoker.invokeTestMethods(TestInvoker.java:146)
at org.testng.internal.TestMethodWorker.invokeTestMethods(TestMethodWorker.java:146)
at org.testng.internal.TestMethodWorker.run(TestMethodWorker.java:128)
at java.base/java.util.ArrayList.forEach(ArrayList.java:1597)
at org.testng.TestRunner.privateRun(TestRunner.java:794)
at org.testng.TestRunner.run(TestRunner.java:596)
at org.testng.SuiteRunner.runTest(SuiteRunner.java:377)
at org.testng.SuiteRunner.runSequentially(SuiteRunner.java:371)
at org.testng.SuiteRunner.privateRun(SuiteRunner.java:332)
at org.testng.SuiteRunner.run(SuiteRunner.java:276)
at org.testng.SuiteRunnerWorker.runSuite(SuiteRunnerWorker.java:53)
at org.testng.SuiteRunnerWorker.run(SuiteRunnerWorker.java:96)
at org.testng.TestNG.runSuitesSequentially(TestNG.java:1212)
at org.testng.TestNG.runSuitesLocally(TestNG.java:1134)
at org.testng.TestNG.runSuites(TestNG.java:1063)
at org.testng.TestNG.run(TestNG.java:1031)
at org.testng.remote.AbstractRemoteTestNG.run(AbstractRemoteTestNG.java:115)
at org.testng.remote.RemoteTestNG.initAndRun(RemoteTestNG.java:293)
at org.testng.remote.RemoteTestNG.main(RemoteTestNG.java:91)
]]>
    </failure>
  </testcase> <!-- verifyServicerDetailsReport -->
  <system-out/>
  <testcase classname="com.ipacs.qa.ecm.tests.ECM_ReportTest" name="verifyServicerDetailsReportbyServicerCategory" time="34.230">
    <failure message="Report file not downloaded! expected [true] but found [false]" type="java.lang.AssertionError">
      <![CDATA[java.lang.AssertionError: Report file not downloaded! expected [true] but found [false]
at org.testng.Assert.fail(Assert.java:99)
at org.testng.Assert.failNotEquals(Assert.java:1037)
at org.testng.Assert.assertTrue(Assert.java:45)
at com.ipacs.qa.ecm.tests.ECM_ReportTest.verifyServicerDetailsReportbyServicerCategory(ECM_ReportTest.java:191)
at java.base/jdk.internal.reflect.DirectMethodHandleAccessor.invoke(DirectMethodHandleAccessor.java:103)
at java.base/java.lang.reflect.Method.invoke(Method.java:580)
at org.testng.internal.MethodInvocationHelper.invokeMethod(MethodInvocationHelper.java:133)
at org.testng.internal.TestInvoker.invokeMethod(TestInvoker.java:598)
at org.testng.internal.TestInvoker.invokeTestMethod(TestInvoker.java:173)
at org.testng.internal.MethodRunner.runInSequence(MethodRunner.java:46)
at org.testng.internal.TestInvoker$MethodInvocationAgent.invoke(TestInvoker.java:824)
at org.testng.internal.TestInvoker.invokeTestMethods(TestInvoker.java:146)
at org.testng.internal.TestMethodWorker.invokeTestMethods(TestMethodWorker.java:146)
at org.testng.internal.TestMethodWorker.run(TestMethodWorker.java:128)
at java.base/java.util.ArrayList.forEach(ArrayList.java:1597)
at org.testng.TestRunner.privateRun(TestRunner.java:794)
at org.testng.TestRunner.run(TestRunner.java:596)
at org.testng.SuiteRunner.runTest(SuiteRunner.java:377)
at org.testng.SuiteRunner.runSequentially(SuiteRunner.java:371)
at org.testng.SuiteRunner.privateRun(SuiteRunner.java:332)
at org.testng.SuiteRunner.run(SuiteRunner.java:276)
at org.testng.SuiteRunnerWorker.runSuite(SuiteRunnerWorker.java:53)
at org.testng.SuiteRunnerWorker.run(SuiteRunnerWorker.java:96)
at org.testng.TestNG.runSuitesSequentially(TestNG.java:1212)
at org.testng.TestNG.runSuitesLocally(TestNG.java:1134)
at org.testng.TestNG.runSuites(TestNG.java:1063)
at org.testng.TestNG.run(TestNG.java:1031)
at org.testng.remote.AbstractRemoteTestNG.run(AbstractRemoteTestNG.java:115)
at org.testng.remote.RemoteTestNG.initAndRun(RemoteTestNG.java:293)
at org.testng.remote.RemoteTestNG.main(RemoteTestNG.java:91)
]]>
    </failure>
  </testcase> <!-- verifyServicerDetailsReportbyServicerCategory -->
  <system-out/>
  <testcase classname="com.ipacs.qa.ecm.tests.ECM_ReportTest" name="verifyApprovalListReportPageShowEntries" time="27.773"/>
  <system-out/>
  <testcase classname="com.ipacs.qa.ecm.tests.ECM_ReportTest" name="verifyApprovalListReportPageSearch" time="39.904"/>
  <system-out/>
  <testcase classname="com.ipacs.qa.ecm.tests.ECM_ReportTest" name="verifyApprovalListReportPagePagination" time="32.112"/>
  <system-out/>
  <testcase classname="com.ipacs.qa.ecm.tests.ECM_ReportTest" name="verifyAcknowledgementReportPageShowEntries" time="30.631"/>
  <system-out/>
  <testcase classname="com.ipacs.qa.ecm.tests.ECM_ReportTest" name="verifyAcknowledgementReportPageSearch" time="34.678"/>
  <system-out/>
  <testcase classname="com.ipacs.qa.ecm.tests.ECM_ReportTest" name="verifyAcknowledgementReportPagePagination" time="36.230"/>
  <system-out/>
  <testcase classname="com.ipacs.qa.ecm.tests.ECM_ReportTest" name="verifyServicerDocumentStatusReportPageShowEntries" time="31.978"/>
  <system-out/>
  <testcase classname="com.ipacs.qa.ecm.tests.ECM_ReportTest" name="verifyServicerDocumentStatusReportPageSearch" time="42.095"/>
  <system-out/>
  <testcase classname="com.ipacs.qa.ecm.tests.ECM_ReportTest" name="verifyServicerDocumentStatusReportPagePagination" time="32.639"/>
  <system-out/>
  <testcase classname="com.ipacs.qa.ecm.tests.ECM_ReportTest" name="verifyValidationMessageUncheckedServicerOption" time="40.838"/>
  <system-out/>
  <testcase classname="com.ipacs.qa.ecm.tests.ECM_ReportTest" name="verifyValidationMessageUncheckedAllchkbox" time="31.399"/>
  <system-out/>
  <testcase classname="com.ipacs.qa.ecm.tests.ECM_ReportTest" name="verifyValidationMessageUncheckedServicerCategoryAllchkbox" time="29.764"/>
  <system-out/>
  <testcase classname="com.ipacs.qa.ecm.tests.ECM_ReportTest" name="verifyValidationMessageEmptyServicerName" time="22.501"/>
  <system-out/>
  <testcase classname="com.ipacs.qa.ecm.tests.ECM_ReportTest" name="verifyValidationMessageEmptyServicerCategory" time="27.386"/>
  <system-out/>
</testsuite> <!-- com.ipacs.qa.ecm.tests.ECM_ReportTest -->
